[2025-08-22 13:18:32][INFO] DW RSS started.
[2025-08-22 13:18:35][INFO] Saved: https://www.dw.com/en/us-multiple-deaths-after-nyc-bound-tourist-bus-crashes/a-73738054?maca=en-rss-en-top-1022-rdf
[2025-08-22 13:18:35][INFO] Saved: https://www.dw.com/en/why-is-trump-being-so-generous-to-china/a-73594826?maca=en-rss-en-bus-2091-rdf
[2025-08-22 13:18:35][INFO] Saved: https://www.dw.com/en/gucci-dior-louis-vuitton-face-crisis-as-luxury-sales-slide/a-73640638?maca=en-rss-en-bus-2091-rdf
[2025-08-22 13:18:35][INFO] Saved: https://www.dw.com/en/us-fbi-searches-home-of-john-bolton-reports/a-73731674?maca=en-rss-en-top-1022-rdf
[2025-08-22 13:18:35][INFO] Saved: https://www.dw.com/en/why-cured-meat-does-not-belong-on-the-grill/a-73639814?maca=en-rss-en-science-4552-xml-mrss
[2025-08-22 13:18:35][INFO] Saved: https://www.dw.com/en/japan-grapples-with-its-past-80-years-after-world-war-ii/a-73654758?maca=en-rss-en-cul-2090-rdf
[2025-08-22 13:18:35][INFO] Saved: https://www.dw.com/en/fake-studies-on-the-rise-destroying-trust-in-science/a-73533918?maca=en-rss-en-science-4552-xml-mrss
[2025-08-22 13:18:35][INFO] Saved: https://www.dw.com/en/nord-stream-sabotage-arrest-raises-difficult-questions/a-73731229?maca=en-rss-en-top-1022-rdf
[2025-08-22 13:18:35][INFO] Saved: https://www.dw.com/en/trump-tariffs-did-swiss-gold-refiners-fuel-the-crisis/a-73554953?maca=en-rss-en-bus-2091-rdf
[2025-08-22 13:18:35][INFO] Saved: https://www.dw.com/en/taiwan-imagines-a-chinese-invasion-with-tv-and-games/a-73557405?maca=en-rss-en-cul-2090-rdf
[2025-08-22 13:18:35][INFO] Saved: https://www.dw.com/en/ai-superintelligence-talent-war-how-big-tech-chases-the-technology-s-best-brains/a-73392978?maca=en-rss-en-bus-2091-rdf
[2025-08-22 13:18:35][INFO] Saved: https://www.dw.com/en/afghan-youth-orchestra-in-exile-resistance-against-the-taliban/a-73655000?maca=en-rss-en-cul-2090-rdf
[2025-08-22 13:18:35][INFO] Saved: https://www.dw.com/en/gamescom-how-is-poland-s-games-industry-faring/a-73730347?maca=en-rss-en-cul-2090-rdf
[2025-08-22 13:18:35][INFO] Saved: https://www.dw.com/en/eu-us-trade-deal-brussels-settles-but-at-what-price/a-73433982?maca=en-rss-en-bus-2091-rdf
[2025-08-22 13:18:35][INFO] Saved: https://www.dw.com/en/why-us-budget-cuts-could-derail-future-mrna-vaccine-progress/a-73638527?maca=en-rss-en-science-4552-xml-mrss
[2025-08-22 13:18:35][INFO] Saved: https://www.dw.com/en/is-china-an-environmental-friend-or-foe-for-southeast-asia/a-73729987?maca=en-rss-en-top-1022-rdf
[2025-08-22 13:18:35][INFO] Saved: https://www.dw.com/en/human-immune-system-reacts-to-the-mere-sight-of-infection/a-73441811?maca=en-rss-en-science-4552-xml-mrss
[2025-08-22 13:18:35][INFO] Saved: https://www.dw.com/en/berlin-racist-street-name-change-stopped-again/a-73280857?maca=en-rss-en-cul-2090-rdf
[2025-08-22 13:18:35][INFO] Saved: https://www.dw.com/en/thailand-former-pm-thaksin-cleared-of-lese-majeste-charges/a-73726856?maca=en-rss-en-top-1022-rdf
[2025-08-22 13:18:36][INFO] Saved: https://www.dw.com/en/space-x-successfully-launches-us-military-spaceplane/a-73729418?maca=en-rss-en-science-4552-xml-mrss
[2025-08-22 13:18:36][INFO] Saved: https://www.dw.com/en/what-if-india-and-china-stop-buying-russian-oil/a-73520311?maca=en-rss-en-bus-2091-rdf
[2025-08-22 13:18:36][INFO] Saved: https://www.dw.com/en/what-does-birth-control-pill-have-to-do-with-auschwitz/a-73641627?maca=en-rss-en-cul-2090-rdf
[2025-08-22 13:18:36][INFO] Saved: https://www.dw.com/en/12-deadly-infectious-diseases-vaccines-protect-us-from/a-72527772?maca=en-rss-en-science-4552-xml-mrss
[2025-08-22 13:18:36][INFO] Saved: https://www.dw.com/en/middle-east-netanyahu-calls-ipc-gaza-famine-report-a-lie/live-73728282?maca=en-rss-en-top-1022-rdf
[2025-08-22 13:18:36][INFO] Saved: https://www.dw.com/en/trump-tariffs-where-do-we-stand-after-white-house-unveils-slew-of-new-tariffs/a-73480826?maca=en-rss-en-bus-2091-rdf
[2025-08-22 13:18:36][INFO] Saved: https://www.dw.com/en/why-qatar-s-gas-lifeline-to-germany-is-at-risk/a-73460153?maca=en-rss-en-bus-2091-rdf
[2025-08-22 13:18:36][INFO] Saved: https://www.dw.com/en/ghana-singer-shatta-wale-granted-bail-in-lamborghini-probe/a-73722417?maca=en-rss-en-cul-2090-rdf
[2025-08-22 13:18:36][INFO] Saved: https://www.dw.com/en/us-rfk-jr-risking-nation-s-health-with-misinformation/a-73710892?maca=en-rss-en-science-4552-xml-mrss
[2025-08-22 13:18:36][INFO] Saved: https://www.dw.com/en/is-africa-becoming-the-dumping-ground-for-deported-migrants-from-the-us/a-73729159?maca=en-rss-en-top-1022-rdf
[2025-08-22 13:18:36][INFO] Saved: https://www.dw.com/en/as-france-s-africa-policy-collapses-how-do-companies-adjust/a-73388353?maca=en-rss-en-bus-2091-rdf
[2025-08-22 13:18:36][INFO] Saved: https://www.dw.com/en/detroit-s-pewabic-pottery-takes-a-road-less-traveled/a-73408955?maca=en-rss-en-bus-2091-rdf
[2025-08-22 13:18:36][INFO] Saved: https://www.dw.com/en/lil-nas-x-arrested-after-being-found-nearly-naked-in-la/a-73726644?maca=en-rss-en-cul-2090-rdf
[2025-08-22 13:18:36][INFO] Saved: https://www.dw.com/en/cuba-land-lease-to-vietnamese-company-reaps-rich-harvest/a-73455248?maca=en-rss-en-bus-2091-rdf
[2025-08-22 13:18:36][INFO] Saved: https://www.dw.com/en/pakistan-4-killed-in-karachi-fireworks-warehouse-blast/a-73727638?maca=en-rss-en-top-1022-rdf
[2025-08-22 13:18:36][INFO] Saved: https://www.dw.com/en/aid-workers-accuse-ngos-of-whitewashing-israel-s-gaza-war/a-73715562?maca=en-rss-en-top-1022-rdf
[2025-08-22 13:18:36][INFO] Saved: https://www.dw.com/en/google-chrome-ai-startup-perplexity-wants-to-buy-browser/a-70834031?maca=en-rss-en-bus-2091-rdf
[2025-08-22 13:18:36][INFO] Saved: https://www.dw.com/en/a-tentative-start-for-mass-vaccine-production-in-africa/a-73701589?maca=en-rss-en-science-4552-xml-mrss
[2025-08-22 13:18:36][INFO] Saved: https://www.dw.com/en/steep-us-steel-tariffs-leave-indian-foundries-gasping/a-73691340?maca=en-rss-en-bus-2091-rdf
[2025-08-22 13:18:36][INFO] Saved: https://www.dw.com/en/space-x-successfully-launches-us-military-spaceplane/a-73729418?maca=en-rss-en-top-1022-rdf
[2025-08-22 13:18:36][INFO] Saved: https://www.dw.com/en/fake-medication-is-a-problem-across-the-world/a-73485009?maca=en-rss-en-science-4552-xml-mrss
[2025-08-22 13:18:36][INFO] Saved: https://www.dw.com/en/ukraine-updates-nato-head-urges-robust-guarantees-in-kyiv/live-73735933?maca=en-rss-en-top-1022-rdf
[2025-08-22 13:18:36][INFO] Saved: https://www.dw.com/en/what-could-european-troop-deployment-in-ukraine-look-like/a-73735953?maca=en-rss-en-top-1022-rdf
[2025-08-22 13:18:36][INFO] Saved: https://www.dw.com/en/adidas-execs-apologize-for-appropriating-mexican-indigenous-shoe-design/a-73726915?maca=en-rss-en-top-1022-rdf
[2025-08-22 13:18:36][INFO] Saved: https://www.dw.com/en/vibrio-bacteria-how-to-swim-in-european-waters-and-survive/a-73299934?maca=en-rss-en-science-4552-xml-mrss
[2025-08-22 13:18:36][INFO] Saved: https://www.dw.com/en/germany-updates-economy-shrinks-more-than-expected/live-73728000?maca=en-rss-en-top-1022-rdf
[2025-08-22 13:18:36][INFO] Saved: https://www.dw.com/en/trillions-for-oil-why-investors-won-t-go-green/a-72888306?maca=en-rss-en-bus-2091-rdf
[2025-08-22 13:18:36][INFO] Saved: https://www.dw.com/en/will-financial-pressure-shift-israel-s-gaza-war-stance/a-73621207?maca=en-rss-en-bus-2091-rdf
[2025-08-22 13:18:36][INFO] Saved: https://www.dw.com/en/why-trump-wants-us-government-stake-in-chipmaker-intel/a-73701338?maca=en-rss-en-bus-2091-rdf
[2025-08-22 13:18:36][INFO] Saved: https://www.dw.com/en/why-does-the-us-use-secondary-sanctions-and-do-they-work/a-73599628?maca=en-rss-en-bus-2091-rdf
[2025-08-22 13:18:36][INFO] Saved: https://www.dw.com/en/cum-ex-why-germany-s-biggest-tax-fraud-scheme-continues-unabated/a-73400826?maca=en-rss-en-bus-2091-rdf
[2025-08-22 13:18:36][INFO] Saved: https://www.dw.com/en/taiwan-s-nuclear-referendum-reveals-energy-dilemma/a-73718430?maca=en-rss-en-top-1022-rdf
[2025-08-22 13:18:36][INFO] Saved: https://www.dw.com/en/cholera-a-resurgent-potentially-deadly-gut-bacteria/a-73692613?maca=en-rss-en-science-4552-xml-mrss
[2025-08-22 13:18:37][INFO] Saved: https://www.dw.com/en/hans-christian-andersen-s-timeless-legacy/a-73501169?maca=en-rss-en-cul-2090-rdf
[2025-08-22 13:18:37][INFO] Saved: https://www.dw.com/en/turkey-s-hazelnut-frost-threatens-chocolate-supply-chains/a-73478241?maca=en-rss-en-bus-2091-rdf
[2025-08-22 13:18:37][INFO] Saved: https://www.dw.com/en/why-do-war-torn-myanmar-s-generals-want-elections/a-73730709?maca=en-rss-en-top-1022-rdf
[2025-08-22 13:18:37][INFO] Saved: https://www.dw.com/en/berlin-racist-street-name-change-stopped-again/a-73280857?maca=en-rss-en-top-1022-rdf
[2025-08-22 13:18:37][INFO] Saved: https://www.dw.com/en/humans-are-using-more-resources-than-the-planet-can-restore/a-73320452?maca=en-rss-en-bus-2091-rdf
[2025-08-22 13:18:37][INFO] Saved: https://www.dw.com/en/lebanon-s-hezbollah-rejects-disarmament-warns-of-civil-war/a-73730563?maca=en-rss-en-top-1022-rdf
[2025-08-22 13:18:37][INFO] Saved: https://www.dw.com/en/germany-s-strangest-laws-why-dancing-can-get-you-fined/a-73608011?maca=en-rss-en-cul-2090-rdf
[2025-08-22 13:18:37][INFO] Saved: https://www.dw.com/en/who-was-thong-inventor-rudi-gernreich/a-73656347?maca=en-rss-en-cul-2090-rdf
[2025-08-22 13:18:37][INFO] Saved: https://www.dw.com/en/india-s-top-court-halts-stray-dog-removals-in-new-delhi/a-73727019?maca=en-rss-en-top-1022-rdf
[2025-08-22 13:18:37][INFO] Saved: https://www.dw.com/en/how-helsinki-cut-traffic-deaths-to-zero-with-help-of-smart-city-planning/a-73616778?maca=en-rss-en-science-4552-xml-mrss
[2025-08-22 13:18:37][INFO] Saved: https://www.dw.com/en/prehistoric-matriarchy-in-turkey-revealed-by-dna-analysis/a-73367872?maca=en-rss-en-science-4552-xml-mrss
[2025-08-22 13:18:37][INFO] Saved: https://www.dw.com/en/how-bollywood-s-lens-on-kashmir-has-changed/a-73569563?maca=en-rss-en-cul-2090-rdf
[2025-08-22 13:18:37][INFO] Saved: https://www.dw.com/en/interpol-arrests-over-1-200-in-african-cybercrime-crackdown/a-73736645?maca=en-rss-en-top-1022-rdf
[2025-08-22 13:18:37][INFO] Saved: https://www.dw.com/en/trouble-sleeping-here-s-how-to-nod-off-quickly/a-73214239?maca=en-rss-en-science-4552-xml-mrss
[2025-08-22 13:18:37][INFO] Saved: https://www.dw.com/en/sound-of-falling-is-germany-s-entry-for-the-oscars/a-73720902?maca=en-rss-en-cul-2090-rdf
[2025-08-22 13:18:37][INFO] Saved: https://www.dw.com/en/gamescom-how-is-poland-s-games-industry-faring/a-73730347?maca=en-rss-en-top-1022-rdf
[2025-08-22 13:18:37][INFO] Saved: https://www.dw.com/en/retro-games-why-pixel-graphics-won-t-go-out-of-fashion/a-67887797?maca=en-rss-en-cul-2090-rdf
